<?xml version="1.0" encoding="UTF-8"?>
<!-- Generated by org.testng.reporters.JUnitReportReporter -->
<testsuite hostname="WL361485" failures="0" tests="1" name="com.qa.has.tests.LoginTest" time="10.482" errors="0" timestamp="2020-08-23T19:55:03 IST" skipped="0">
  <testcase classname="com.qa.has.tests.LoginTest" name="loginTest" time="10.482"/>
  <system-out/>
</testsuite> <!-- com.qa.has.tests.LoginTest -->
