<?xml version="1.0" encoding="UTF-8"?>
<!-- Generated by org.testng.reporters.JUnitReportReporter -->
<testsuite hostname="WL361485" failures="0" tests="2" name="com.tieto.test.DemoTest" time="0.006" errors="0" timestamp="2020-07-03T11:24:02 IST" skipped="0">
  <testcase classname="com.tieto.test.DemoTest" name="invalidData" time="0.001"/>
  <system-out/>
  <testcase classname="com.tieto.test.DemoTest" name="invalidData" time="0.005"/>
  <system-out/>
</testsuite> <!-- com.tieto.test.DemoTest -->
