<?xml version="1.0" encoding="UTF-8"?>
<!-- Generated by org.testng.reporters.JUnitReportReporter -->
<testsuite hostname="WL361485" failures="0" tests="6" name="com.tieto.test.LoginTest" time="61.516" errors="0" timestamp="2020-07-02T20:59:14 IST" skipped="0">
  <testcase classname="com.tieto.test.LoginTest" name="linkCount" time="7.298"/>
  <system-out/>
  <testcase classname="com.tieto.test.LoginTest" name="linkCount" time="8.081"/>
  <system-out/>
  <testcase classname="com.tieto.test.LoginTest" name="validCrentialTest" time="11.175"/>
  <system-out/>
  <testcase classname="com.tieto.test.LoginTest" name="validCrentialTest" time="13.369"/>
  <system-out/>
  <testcase classname="com.tieto.test.LoginTest" name="invalidCrentialTest" time="11.272"/>
  <system-out/>
  <testcase classname="com.tieto.test.LoginTest" name="invalidCrentialTest" time="10.321"/>
  <system-out/>
</testsuite> <!-- com.tieto.test.LoginTest -->
